<?xml version="1.0" encoding="UTF-8"?>
<!-- Generated by org.testng.reporters.JUnitXMLReporter -->
<testsuite hostname="DESKTOP-MVPCIE6" ignored="0" name="Test" tests="4" failures="0" timestamp="2021-07-21T15:49:34 IST" time="49.473" errors="0">
  <testcase name="Login" time="6.688" classname="org.testPack.Groww"/>
  <testcase name="verifyInvestmentIsPresentOntheScreen" time="2.646" classname="org.testPack.Groww"/>
  <testcase name="homePagee" time="24.557" classname="org.testPack.TestHomePage"/>
  <testcase name="verifyProceedToPayButton" time="0.112" classname="org.testPack.TestHomePage"/>
</testsuite> <!-- Test -->
