<?xml version="1.0" encoding="UTF-8"?>
<!-- Generated by org.testng.reporters.JUnitXMLReporter -->
<testsuite hostname="DESKTOP-MVPCIE6" ignored="0" name="Test1" tests="4" failures="0" timestamp="2021-07-21T15:59:41 IST" time="47.149" errors="0">
  <testcase name="Login" time="8.081" classname="org.testPack.Groww"/>
  <testcase name="verifyInvestmentIsPresentOntheScreen" time="4.513" classname="org.testPack.Groww"/>
  <testcase name="homePagee" time="22.584" classname="org.testPack.TestHomePage"/>
  <testcase name="verifyProceedToPayButton" time="0.08" classname="org.testPack.TestHomePage"/>
</testsuite> <!-- Test1 -->
