<?xml version="1.0" encoding="UTF-8"?>
<!-- Generated by org.testng.reporters.JUnitXMLReporter -->
<testsuite hostname="DESKTOP-MVPCIE6" ignored="0" name="Test2" tests="4" failures="0" timestamp="2021-07-21T15:59:40 IST" time="46.645" errors="0">
  <testcase name="Login" time="6.779" classname="org.testPack.Groww"/>
  <testcase name="verifyInvestmentIsPresentOntheScreen" time="3.178" classname="org.testPack.Groww"/>
  <testcase name="homePagee" time="22.849" classname="org.testPack.TestHomePage"/>
  <testcase name="verifyProceedToPayButton" time="0.048" classname="org.testPack.TestHomePage"/>
</testsuite> <!-- Test2 -->
