<?xml version="1.0" encoding="UTF-8"?>
<!-- Generated by org.testng.reporters.JUnitXMLReporter -->
<testsuite hostname="DESKTOP-MVPCIE6" ignored="1" name="Test(failed)" tests="1" failures="1" timestamp="2021-07-21T15:34:29 IST" time="8.406" errors="0">
  <testcase name="Login" time="2.232" classname="org.testPack.Groww">
    <failure type="java.lang.AssertionError" message="The following asserts failed:
	expected [t] but found [Groww - Online Demat, Trading and Direct Mutual Fund Investment in India]">
      <![CDATA[java.lang.AssertionError: The following asserts failed:
expected [t] but found [Groww - Online Demat, Trading and Direct Mutual Fund Investment in India]
at org.testPack.Groww.Login(Groww.java:62)
at java.util.ArrayList.forEach(Unknown Source)
... Removed 29 stack frames]]>
    </failure>
  </testcase> <!-- Login -->
  <testcase name="verifyInvestmentIsPresentOntheScreen" time="0.0" classname="org.testPack.Groww">
    <ignored/>
  </testcase> <!-- verifyInvestmentIsPresentOntheScreen -->
</testsuite> <!-- Test(failed) -->
