<?xml version="1.0" encoding="UTF-8"?>
<!-- Generated by org.testng.reporters.JUnitXMLReporter -->
<testsuite hostname="DESKTOP-MVPCIE6" ignored="1" name="Test(failed)(failed)" tests="1" failures="0" timestamp="2021-07-21T15:42:00 IST" time="8.193" errors="0">
  <testcase name="Login" time="2.397" classname="org.testPack.Groww"/>
  <testcase name="verifyInvestmentIsPresentOntheScreen" time="0.0" classname="org.testPack.Groww">
    <ignored/>
  </testcase> <!-- verifyInvestmentIsPresentOntheScreen -->
</testsuite> <!-- Test(failed)(failed) -->
